[2026-07-07T08:39:32.946Z] GET file:///Users/ameenkhan/Desktop/Doctorpreneur_Clients/Dr_Usha_Temp/contact.html → 200 (8ms, 17096B)
[2026-07-07T08:39:32.964Z] GET https://fonts.googleapis.com/css2?family=Plus+Jakarta+Sans:wght@500;600;700;800&family=Inter:wght@400;500;600&display=swap → 200 (152ms, 1368B)
[2026-07-07T08:39:32.964Z] GET file:///Users/ameenkhan/Desktop/Doctorpreneur_Clients/Dr_Usha_Temp/assets/css/fa-subset.css → 200 (13ms, 2831B)
[2026-07-07T08:39:32.964Z] GET file:///Users/ameenkhan/Desktop/Doctorpreneur_Clients/Dr_Usha_Temp/assets/css/plugins/aos.css → 200 (13ms, 25964B)
[2026-07-07T08:39:32.964Z] GET file:///Users/ameenkhan/Desktop/Doctorpreneur_Clients/Dr_Usha_Temp/assets/css/vardhaman.css → 200 (14ms, 45631B)
[2026-07-07T08:39:32.964Z] GET file:///Users/ameenkhan/Desktop/Doctorpreneur_Clients/Dr_Usha_Temp/assets/img/vardhaman/logo/vardhaman-logo.png → 200 (16ms, 113670B)
[2026-07-07T08:39:32.964Z] GET file:///Users/ameenkhan/Desktop/Doctorpreneur_Clients/Dr_Usha_Temp/assets/js/plugins/aos.js → 200 (17ms, 14143B)
[2026-07-07T08:39:32.964Z] GET file:///Users/ameenkhan/Desktop/Doctorpreneur_Clients/Dr_Usha_Temp/assets/js/vardhaman.js → 200 (17ms, 4537B)
[2026-07-07T08:39:33.157Z] GET https://fonts.gstatic.com/s/inter/v20/UcC73FwrK3iLTeHuS_nVMrMxCp50SjIa1ZL7W0Q5nw.woff2 → 200 (71ms, 48983B)
[2026-07-07T08:39:33.158Z] GET https://fonts.gstatic.com/s/plusjakartasans/v12/LDIoaomQNQcsA88c7O9yZ4KMCoOg4Ko20yygg_vb.woff2 → 200 (76ms, 27401B)
[2026-07-07T08:39:33.158Z] GET file:///Users/ameenkhan/Desktop/Doctorpreneur_Clients/Dr_Usha_Temp/assets/css/fonts/fa-brands-400.woff2 → 200 (1ms, 575B)
[2026-07-07T08:39:33.158Z] GET file:///Users/ameenkhan/Desktop/Doctorpreneur_Clients/Dr_Usha_Temp/assets/css/fonts/fa-solid-900.woff2 → 200 (3ms, 154123B)
[2026-07-07T08:39:33.159Z] GET https://maps.google.com/maps?q=Vardhaman%20Hospital%20Halar%20Cross%20Road%20Valsad&t=&z=16&ie=UTF8&iwloc=&output=embed → 301 (128ms, ?B)
[2026-07-07T08:39:33.287Z] GET https://www.google.com/maps/embed?origin=mfe&pb=!1m3!2m1!1sVardhaman+Hospital+Halar+Cross+Road+Valsad!6i16 → pending (?ms, ?B)
[2026-07-07T08:39:33.832Z] GET https://maps.gstatic.com/maps-api-v3/embed/js/65/6a/init_embed.js → 200 (73ms, 75254B)
[2026-07-07T08:39:33.832Z] GET https://maps.googleapis.com/maps/api/js?key=AIzaSyCmL18misQw9KdwqGaw3zHkitj8vG6QF2Y&paint_origin=&libraries=geometry,search&v=weekly&loading=async&language=en_US&experimentation=allowed&callback=onApiLoad → 200 (435ms, 3020B)
[2026-07-07T08:39:34.270Z] GET https://maps.googleapis.com/maps-api-v3/api/js/65/6a/geometry.js → 200 (17ms, 2952B)
[2026-07-07T08:39:34.270Z] GET https://maps.googleapis.com/maps-api-v3/api/js/65/6a/search.js → 200 (18ms, 1201B)
[2026-07-07T08:39:34.270Z] GET https://maps.googleapis.com/maps-api-v3/api/js/65/6a/main.js → 200 (44ms, 84711B)
[2026-07-07T08:39:34.339Z] GET https://maps.googleapis.com/maps/api/mapsjs/gen_204?csp_test=true → 200 (100ms, 46B)
[2026-07-07T08:39:34.359Z] GET https://maps.googleapis.com/maps-api-v3/api/js/65/6a/common.js → 200 (12ms, 38042B)
[2026-07-07T08:39:34.359Z] GET https://maps.googleapis.com/maps-api-v3/api/js/65/6a/util.js → 200 (36ms, 71709B)
[2026-07-07T08:39:34.360Z] GET https://maps.googleapis.com/maps-api-v3/api/js/65/6a/map.js → 200 (28ms, 25898B)
[2026-07-07T08:39:34.360Z] GET https://maps.googleapis.com/maps-api-v3/api/js/65/6a/controls.js → 200 (22ms, 26436B)
[2026-07-07T08:39:34.360Z] GET https://maps.googleapis.com/maps-api-v3/api/js/65/6a/places_impl.js → 200 (24ms, 3409B)
[2026-07-07T08:39:34.360Z] GET https://maps.googleapis.com/maps-api-v3/api/js/65/6a/places.js → 200 (53ms, 84082B)
[2026-07-07T08:39:34.362Z] GET https://maps.googleapis.com/maps-api-v3/api/js/65/6a/onion.js → 200 (26ms, 10131B)
[2026-07-07T08:39:34.362Z] GET https://maps.googleapis.com/maps-api-v3/api/js/65/6a/search_impl.js → 200 (26ms, 1342B)
[2026-07-07T08:39:34.411Z] GET https://maps.gstatic.com/mapfiles/openhand_8_8.cur → 200 (135ms, 694B)
[2026-07-07T08:39:34.415Z] GET https://maps.googleapis.com/maps-api-v3/api/js/65/6a/log.js → 200 (24ms, 10317B)
[2026-07-07T08:39:34.430Z] GET https://fonts.googleapis.com/css?family=Google+Sans+Text:400&text=%E2%86%90%E2%86%92%E2%86%91%E2%86%93&lang=en → 200 (116ms, 380B)
[2026-07-07T08:39:34.430Z] GET https://fonts.googleapis.com/css?family=Roboto:300,400,500,700|Google+Sans:400,500,700|Google+Sans+Text:400,500,700&lang=en → 200 (154ms, 3905B)
[2026-07-07T08:39:34.444Z] POST https://maps.googleapis.com/$rpc/google.internal.maps.mapsjs.v1.MapsJsInternalService/GetViewportInfo → 200 (273ms, 5386B)
[2026-07-07T08:39:34.444Z] POST https://maps.googleapis.com/$rpc/google.internal.maps.mapsjs.v1.MapsJsInternalService/InitMapsJwt → pending (?ms, ?B)
[2026-07-07T08:39:34.661Z] GET https://fonts.gstatic.com/s/roboto/v51/KFO7CnqEu92Fr1ME7kSn66aGLdTylUAMa3yUBHMdazQ.woff2 → 200 (31ms, 37658B)
[2026-07-07T08:39:34.718Z] GET https://www.google.com/maps/vt?pb=!1m5!1m4!1i16!2i46043!3i28933!4i256!2m3!1e0!2sm!3i785550856!2m3!1e2!2sspotlit!5i1!3m13!2sen-US!3sUS!5e289!12m5!1e68!2m2!1sset!2sRoadmap!4e2!12m3!1e37!2m1!1ssmartmaps!4e0!5m1!1e3!23i47083502!27m14!299174093m13!14m12!1m8!1m2!1y4314663454624747393!2y9033396605571213877!2s%2Fg%2F11z0j9gl6h!4m2!1x206050006!2x729251748!15sgcid%3Ahospital!2b0!6b0!8b0&key=AIzaSyCmL18misQw9KdwqGaw3zHkitj8vG6QF2Y&token=113459 → pending (?ms, ?B)
[2026-07-07T08:39:34.718Z] GET https://www.google.com/maps/vt?pb=!1m5!1m4!1i16!2i46042!3i28933!4i256!2m3!1e0!2sm!3i785550856!2m3!1e2!2sspotlit!5i1!3m13!2sen-US!3sUS!5e289!12m5!1e68!2m2!1sset!2sRoadmap!4e2!12m3!1e37!2m1!1ssmartmaps!4e0!5m1!1e3!23i47083502!27m14!299174093m13!14m12!1m8!1m2!1y4314663454624747393!2y9033396605571213877!2s%2Fg%2F11z0j9gl6h!4m2!1x206050006!2x729251748!15sgcid%3Ahospital!2b0!6b0!8b0&key=AIzaSyCmL18misQw9KdwqGaw3zHkitj8vG6QF2Y&token=45308 → pending (?ms, ?B)
[2026-07-07T08:39:34.718Z] GET https://www.google.com/maps/vt?pb=!1m5!1m4!1i16!2i46042!3i28932!4i256!2m3!1e0!2sm!3i785550928!2m3!1e2!2sspotlit!5i1!3m13!2sen-US!3sUS!5e289!12m5!1e68!2m2!1sset!2sRoadmap!4e2!12m3!1e37!2m1!1ssmartmaps!4e0!5m1!1e3!23i47083502!27m14!299174093m13!14m12!1m8!1m2!1y4314663454624747393!2y9033396605571213877!2s%2Fg%2F11z0j9gl6h!4m2!1x206050006!2x729251748!15sgcid%3Ahospital!2b0!6b0!8b0&key=AIzaSyCmL18misQw9KdwqGaw3zHkitj8vG6QF2Y&token=105193 → pending (?ms, ?B)
[2026-07-07T08:39:34.718Z] GET https://www.google.com/maps/vt?pb=!1m5!1m4!1i16!2i46043!3i28932!4i256!2m3!1e0!2sm!3i785550928!2m3!1e2!2sspotlit!5i1!3m13!2sen-US!3sUS!5e289!12m5!1e68!2m2!1sset!2sRoadmap!4e2!12m3!1e37!2m1!1ssmartmaps!4e0!5m1!1e3!23i47083502!27m14!299174093m13!14m12!1m8!1m2!1y4314663454624747393!2y9033396605571213877!2s%2Fg%2F11z0j9gl6h!4m2!1x206050006!2x729251748!15sgcid%3Ahospital!2b0!6b0!8b0&key=AIzaSyCmL18misQw9KdwqGaw3zHkitj8vG6QF2Y&token=42273 → pending (?ms, ?B)
[2026-07-07T08:39:34.718Z] GET https://www.google.com/maps/vt?pb=!1m5!1m4!1i16!2i46044!3i28932!4i256!2m3!1e0!2sm!3i785551000!2m3!1e2!2sspotlit!5i1!3m13!2sen-US!3sUS!5e289!12m5!1e68!2m2!1sset!2sRoadmap!4e2!12m3!1e37!2m1!1ssmartmaps!4e0!5m1!1e3!23i47083502!27m14!299174093m13!14m12!1m8!1m2!1y4314663454624747393!2y9033396605571213877!2s%2Fg%2F11z0j9gl6h!4m2!1x206050006!2x729251748!15sgcid%3Ahospital!2b0!6b0!8b0&key=AIzaSyCmL18misQw9KdwqGaw3zHkitj8vG6QF2Y&token=13903 → pending (?ms, ?B)
[2026-07-07T08:39:34.718Z] GET https://www.google.com/maps/vt?pb=!1m5!1m4!1i16!2i46044!3i28933!4i256!2m3!1e0!2sm!3i785550856!2m3!1e2!2sspotlit!5i1!3m13!2sen-US!3sUS!5e289!12m5!1e68!2m2!1sset!2sRoadmap!4e2!12m3!1e37!2m1!1ssmartmaps!4e0!5m1!1e3!23i47083502!27m14!299174093m13!14m12!1m8!1m2!1y4314663454624747393!2y9033396605571213877!2s%2Fg%2F11z0j9gl6h!4m2!1x206050006!2x729251748!15sgcid%3Ahospital!2b0!6b0!8b0&key=AIzaSyCmL18misQw9KdwqGaw3zHkitj8vG6QF2Y&token=50539 → pending (?ms, ?B)
[2026-07-07T08:39:34.718Z] GET https://www.google.com/maps/vt?pb=!1m5!1m4!1i16!2i46044!3i28934!4i256!2m3!1e0!2sm!3i785550928!2m3!1e2!2sspotlit!5i1!3m13!2sen-US!3sUS!5e289!12m5!1e68!2m2!1sset!2sRoadmap!4e2!12m3!1e37!2m1!1ssmartmaps!4e0!5m1!1e3!23i47083502!27m14!299174093m13!14m12!1m8!1m2!1y4314663454624747393!2y9033396605571213877!2s%2Fg%2F11z0j9gl6h!4m2!1x206050006!2x729251748!15sgcid%3Ahospital!2b0!6b0!8b0&key=AIzaSyCmL18misQw9KdwqGaw3zHkitj8vG6QF2Y&token=65667 → pending (?ms, ?B)
[2026-07-07T08:39:34.718Z] GET https://www.google.com/maps/vt?pb=!1m5!1m4!1i16!2i46043!3i28934!4i256!2m3!1e0!2sm!3i785550928!2m3!1e2!2sspotlit!5i1!3m13!2sen-US!3sUS!5e289!12m5!1e68!2m2!1sset!2sRoadmap!4e2!12m3!1e37!2m1!1ssmartmaps!4e0!5m1!1e3!23i47083502!27m14!299174093m13!14m12!1m8!1m2!1y4314663454624747393!2y9033396605571213877!2s%2Fg%2F11z0j9gl6h!4m2!1x206050006!2x729251748!15sgcid%3Ahospital!2b0!6b0!8b0&key=AIzaSyCmL18misQw9KdwqGaw3zHkitj8vG6QF2Y&token=128587 → pending (?ms, ?B)
[2026-07-07T08:39:34.718Z] GET https://www.google.com/maps/vt?pb=!1m5!1m4!1i16!2i46042!3i28934!4i256!2m3!1e0!2sm!3i785550928!2m3!1e2!2sspotlit!5i1!3m13!2sen-US!3sUS!5e289!12m5!1e68!2m2!1sset!2sRoadmap!4e2!12m3!1e37!2m1!1ssmartmaps!4e0!5m1!1e3!23i47083502!27m14!299174093m13!14m12!1m8!1m2!1y4314663454624747393!2y9033396605571213877!2s%2Fg%2F11z0j9gl6h!4m2!1x206050006!2x729251748!15sgcid%3Ahospital!2b0!6b0!8b0&key=AIzaSyCmL18misQw9KdwqGaw3zHkitj8vG6QF2Y&token=60436 → pending (?ms, ?B)
[2026-07-07T08:39:34.718Z] GET https://www.google.com/maps/vt?pb=!1m5!1m4!1i16!2i46042!3i28931!4i256!2m3!1e0!2sm!3i785550928!2m3!1e2!2sspotlit!5i1!3m13!2sen-US!3sUS!5e289!12m5!1e68!2m2!1sset!2sRoadmap!4e2!12m3!1e37!2m1!1ssmartmaps!4e0!5m1!1e3!23i47083502!27m14!299174093m13!14m12!1m8!1m2!1y4314663454624747393!2y9033396605571213877!2s%2Fg%2F11z0j9gl6h!4m2!1x206050006!2x729251748!15sgcid%3Ahospital!2b0!6b0!8b0&key=AIzaSyCmL18misQw9KdwqGaw3zHkitj8vG6QF2Y&token=62036 → pending (?ms, ?B)
[2026-07-07T08:39:34.718Z] GET https://www.google.com/maps/vt?pb=!1m5!1m4!1i16!2i46043!3i28931!4i256!2m3!1e0!2sm!3i785550928!2m3!1e2!2sspotlit!5i1!3m13!2sen-US!3sUS!5e289!12m5!1e68!2m2!1sset!2sRoadmap!4e2!12m3!1e37!2m1!1ssmartmaps!4e0!5m1!1e3!23i47083502!27m14!299174093m13!14m12!1m8!1m2!1y4314663454624747393!2y9033396605571213877!2s%2Fg%2F11z0j9gl6h!4m2!1x206050006!2x729251748!15sgcid%3Ahospital!2b0!6b0!8b0&key=AIzaSyCmL18misQw9KdwqGaw3zHkitj8vG6QF2Y&token=130187 → pending (?ms, ?B)
[2026-07-07T08:39:34.719Z] GET https://www.google.com/maps/vt?pb=!1m5!1m4!1i16!2i46044!3i28931!4i256!2m3!1e0!2sm!3i785551000!2m3!1e2!2sspotlit!5i1!3m13!2sen-US!3sUS!5e289!12m5!1e68!2m2!1sset!2sRoadmap!4e2!12m3!1e37!2m1!1ssmartmaps!4e0!5m1!1e3!23i47083502!27m14!299174093m13!14m12!1m8!1m2!1y4314663454624747393!2y9033396605571213877!2s%2Fg%2F11z0j9gl6h!4m2!1x206050006!2x729251748!15sgcid%3Ahospital!2b0!6b0!8b0&key=AIzaSyCmL18misQw9KdwqGaw3zHkitj8vG6QF2Y&token=101817 → pending (?ms, ?B)
[2026-07-07T08:39:34.719Z] GET https://www.google.com/maps/vt?pb=!1m4!1m3!1i16!2i46042!3i28931!1m4!1m3!1i16!2i46043!3i28931!1m4!1m3!1i16!2i46042!3i28932!1m4!1m3!1i16!2i46042!3i28933!1m4!1m3!1i16!2i46043!3i28932!1m4!1m3!1i16!2i46043!3i28933!1m4!1m3!1i16!2i46042!3i28934!1m4!1m3!1i16!2i46043!3i28934!1m4!1m3!1i16!2i46044!3i28931!1m4!1m3!1i16!2i46044!3i28932!1m4!1m3!1i16!2i46044!3i28933!1m4!1m3!1i16!2i46044!3i28934!2m3!1e0!2sm!3i785551000!2m3!1e2!2sspotlit!5i1!3m13!2sen-US!3sUS!5e289!12m5!1e68!2m2!1sset!2sRoadmap!4e2!12m3!1e37!2m1!1ssmartmaps!4e3!12m2!5b1!6b1!27m14!299174093m13!14m12!1m8!1m2!1y4314663454624747393!2y9033396605571213877!2s%2Fg%2F11z0j9gl6h!4m2!1x206050006!2x729251748!15sgcid%3Ahospital!2b0!6b0!8b0&key=AIzaSyCmL18misQw9KdwqGaw3zHkitj8vG6QF2Y&token=101378 → pending (?ms, ?B)
[2026-07-07T08:39:34.871Z] POST https://maps.googleapis.com/$rpc/google.internal.maps.mapsjs.v1.MapsJsInternalService/GetPlaceWidgetMetadata → 200 (321ms, 969B)
[2026-07-07T08:39:35.193Z] POST https://places.googleapis.com/$rpc/google.maps.places.v1.Places/GetPlace → pending (?ms, ?B)
[2026-07-07T08:39:36.126Z] GET https://fonts.gstatic.com/s/googlesanstext/v25/5aUp9-KzpRiLCAt4Unrc-xIKmCU5oLlVnmhjtjm4DZw.woff2 → 200 (36ms, 23341B)
[2026-07-07T08:39:36.126Z] GET https://fonts.gstatic.com/s/googlesanstext/v25/5aUu9-KzpRiLCAt4Unrc-xIKmCU5qEp2i0VBuxM.woff2 → 200 (19ms, 22109B)
[2026-07-07T08:39:37.186Z] POST https://maps.googleapis.com/$rpc/google.internal.maps.mapsjs.v1.MapsJsInternalService/GetViewportInfo → 200 (113ms, 1630B)
[2026-07-07T08:39:37.193Z] GET https://www.google.com/maps/vt?pb=!1m5!1m4!1i12!2i2877!3i1808!4i256!2m1!1e1!3m12!2sen-US!3sUS!5e289!12m3!1e37!2m1!1ssmartmaps!12m4!1e26!2m2!1sstyles!2zcy5lOmx8cC52Om9mZg!4e0!5m1!1e3!23i47083502&key=AIzaSyCmL18misQw9KdwqGaw3zHkitj8vG6QF2Y&token=89941 → pending (?ms, ?B)
[2026-07-07T08:40:33.622Z] GET file:///Users/ameenkhan/Desktop/Doctorpreneur_Clients/Dr_Usha_Temp/contact.html → 200 (?ms, 17096B)
[2026-07-07T08:40:33.628Z] GET https://fonts.googleapis.com/css2?family=Plus+Jakarta+Sans:wght@500;600;700;800&family=Inter:wght@400;500;600&display=swap → 200 (2ms, -698B)
[2026-07-07T08:40:33.628Z] GET file:///Users/ameenkhan/Desktop/Doctorpreneur_Clients/Dr_Usha_Temp/assets/css/fa-subset.css → 200 (1ms, 2831B)
[2026-07-07T08:40:33.628Z] GET file:///Users/ameenkhan/Desktop/Doctorpreneur_Clients/Dr_Usha_Temp/assets/css/plugins/aos.css → 200 (1ms, 25964B)
[2026-07-07T08:40:33.628Z] GET file:///Users/ameenkhan/Desktop/Doctorpreneur_Clients/Dr_Usha_Temp/assets/css/vardhaman.css → 200 (1ms, 45767B)
[2026-07-07T08:40:33.628Z] GET file:///Users/ameenkhan/Desktop/Doctorpreneur_Clients/Dr_Usha_Temp/assets/img/vardhaman/logo/vardhaman-logo.png → 200 (1ms, 113670B)
[2026-07-07T08:40:33.628Z] GET file:///Users/ameenkhan/Desktop/Doctorpreneur_Clients/Dr_Usha_Temp/assets/js/plugins/aos.js → 200 (2ms, 14143B)
[2026-07-07T08:40:33.629Z] GET file:///Users/ameenkhan/Desktop/Doctorpreneur_Clients/Dr_Usha_Temp/assets/js/vardhaman.js → 200 (1ms, 4537B)
[2026-07-07T08:40:33.635Z] GET https://fonts.gstatic.com/s/inter/v20/UcC73FwrK3iLTeHuS_nVMrMxCp50SjIa1ZL7W0Q5nw.woff2 → 200 (2ms, -815B)
[2026-07-07T08:40:33.635Z] GET https://fonts.gstatic.com/s/plusjakartasans/v12/LDIoaomQNQcsA88c7O9yZ4KMCoOg4Ko20yygg_vb.woff2 → 200 (2ms, -815B)
[2026-07-07T08:40:33.635Z] GET file:///Users/ameenkhan/Desktop/Doctorpreneur_Clients/Dr_Usha_Temp/assets/css/fonts/fa-brands-400.woff2 → 200 (1ms, 575B)
[2026-07-07T08:40:33.635Z] GET file:///Users/ameenkhan/Desktop/Doctorpreneur_Clients/Dr_Usha_Temp/assets/css/fonts/fa-solid-900.woff2 → 200 (1ms, 154123B)
[2026-07-07T08:40:33.645Z] GET https://maps.google.com/maps?q=Vardhaman%20Hospital%20Halar%20Cross%20Road%20Valsad&t=&z=16&ie=UTF8&iwloc=&output=embed → 301 (?ms, ?B)
[2026-07-07T08:40:33.645Z] GET https://www.google.com/maps/embed?origin=mfe&pb=!1m3!2m1!1sVardhaman+Hospital+Halar+Cross+Road+Valsad!6i16 → pending (?ms, ?B)
[2026-07-07T08:40:34.303Z] GET https://maps.gstatic.com/maps-api-v3/embed/js/65/6a/init_embed.js → 200 (?ms, -841B)
[2026-07-07T08:40:34.303Z] GET https://maps.googleapis.com/maps/api/js?key=AIzaSyCmL18misQw9KdwqGaw3zHkitj8vG6QF2Y&paint_origin=&libraries=geometry,search&v=weekly&loading=async&language=en_US&experimentation=allowed&callback=onApiLoad → 200 (1ms, -539B)
[2026-07-07T08:40:34.305Z] GET https://maps.googleapis.com/maps-api-v3/api/js/65/6a/geometry.js → 200 (?ms, -840B)
[2026-07-07T08:40:34.305Z] GET https://maps.googleapis.com/maps-api-v3/api/js/65/6a/search.js → 200 (?ms, -839B)
[2026-07-07T08:40:34.305Z] GET https://maps.googleapis.com/maps-api-v3/api/js/65/6a/main.js → 200 (?ms, -841B)
[2026-07-07T08:40:34.318Z] GET https://maps.googleapis.com/maps/api/mapsjs/gen_204?csp_test=true → 200 (150ms, 46B)
[2026-07-07T08:40:34.325Z] GET https://maps.googleapis.com/maps-api-v3/api/js/65/6a/common.js → 200 (?ms, -840B)
[2026-07-07T08:40:34.325Z] GET https://maps.googleapis.com/maps-api-v3/api/js/65/6a/util.js → 200 (?ms, -841B)
[2026-07-07T08:40:34.325Z] GET https://maps.googleapis.com/maps-api-v3/api/js/65/6a/map.js → 200 (?ms, -839B)
[2026-07-07T08:40:34.326Z] GET https://maps.googleapis.com/maps-api-v3/api/js/65/6a/controls.js → 200 (?ms, -841B)
[2026-07-07T08:40:34.326Z] GET https://maps.googleapis.com/maps-api-v3/api/js/65/6a/places_impl.js → 200 (?ms, -839B)
[2026-07-07T08:40:34.326Z] GET https://maps.googleapis.com/maps-api-v3/api/js/65/6a/places.js → 200 (?ms, -840B)
[2026-07-07T08:40:34.337Z] GET https://maps.googleapis.com/maps/api/js/StaticMapService.GetMapImage?1m2&1i11786944&2i7406721&2e1&3u16&4m2&1u447&2u460&5m6&1e0&5sen-US&6sus&10b1&12b1&14i47083502&8e1&key=AIzaSyCmL18misQw9KdwqGaw3zHkitj8vG6QF2Y&token=78919 → 200 (178ms, 35141B)
[2026-07-07T08:40:34.339Z] GET https://maps.googleapis.com/maps-api-v3/api/js/65/6a/onion.js → 200 (?ms, -840B)
[2026-07-07T08:40:34.339Z] GET https://maps.googleapis.com/maps-api-v3/api/js/65/6a/search_impl.js → 200 (?ms, -840B)
[2026-07-07T08:40:34.352Z] GET https://fonts.googleapis.com/css?family=Google+Sans+Text:400&text=%E2%86%90%E2%86%92%E2%86%91%E2%86%93&lang=en → 200 (?ms, -743B)
[2026-07-07T08:40:34.352Z] GET https://fonts.googleapis.com/css?family=Roboto:300,400,500,700|Google+Sans:400,500,700|Google+Sans+Text:400,500,700&lang=en → 200 (?ms, -743B)
[2026-07-07T08:40:34.353Z] GET https://fonts.gstatic.com/s/googlesanstext/v25/5aUu9-KzpRiLCAt4Unrc-xIKmCU5qEp2i0VBuxM.woff2 → 200 (?ms, -815B)
[2026-07-07T08:40:34.353Z] GET https://fonts.gstatic.com/s/googlesanstext/v25/5aUp9-KzpRiLCAt4Unrc-xIKmCU5oLlVnmhjtjm4DZw.woff2 → 200 (?ms, -815B)
[2026-07-07T08:40:34.359Z] GET https://maps.gstatic.com/mapfiles/openhand_8_8.cur → 200 (?ms, -788B)
[2026-07-07T08:40:34.365Z] GET https://maps.googleapis.com/maps-api-v3/api/js/65/6a/log.js → 200 (?ms, -839B)
[2026-07-07T08:40:34.370Z] POST https://maps.googleapis.com/$rpc/google.internal.maps.mapsjs.v1.MapsJsInternalService/GetViewportInfo → 200 (166ms, 3715B)
[2026-07-07T08:40:34.370Z] POST https://maps.googleapis.com/$rpc/google.internal.maps.mapsjs.v1.MapsJsInternalService/InitMapsJwt → 200 (157ms, 67B)
[2026-07-07T08:40:34.527Z] POST https://maps.googleapis.com/$rpc/google.internal.maps.mapsjs.v1.MapsJsInternalService/GetPlaceWidgetMetadata → 200 (204ms, 969B)
[2026-07-07T08:40:34.536Z] GET https://www.google.com/maps/vt?pb=!1m5!1m4!1i16!2i46043!3i28933!4i256!2m3!1e0!2sm!3i785550856!2m3!1e2!2sspotlit!5i1!3m13!2sen-US!3sUS!5e289!12m5!1e68!2m2!1sset!2sRoadmap!4e2!12m3!1e37!2m1!1ssmartmaps!4e0!5m1!1e3!23i47083502!27m14!299174093m13!14m12!1m8!1m2!1y4314663454624747393!2y9033396605571213877!2s%2Fg%2F11z0j9gl6h!4m2!1x206050006!2x729251748!15sgcid%3Ahospital!2b0!6b0!8b0&key=AIzaSyCmL18misQw9KdwqGaw3zHkitj8vG6QF2Y&token=113459 → 200 (1ms, -1025B)
[2026-07-07T08:40:34.537Z] GET https://www.google.com/maps/vt?pb=!1m5!1m4!1i16!2i46042!3i28933!4i256!2m3!1e0!2sm!3i785550856!2m3!1e2!2sspotlit!5i1!3m13!2sen-US!3sUS!5e289!12m5!1e68!2m2!1sset!2sRoadmap!4e2!12m3!1e37!2m1!1ssmartmaps!4e0!5m1!1e3!23i47083502!27m14!299174093m13!14m12!1m8!1m2!1y4314663454624747393!2y9033396605571213877!2s%2Fg%2F11z0j9gl6h!4m2!1x206050006!2x729251748!15sgcid%3Ahospital!2b0!6b0!8b0&key=AIzaSyCmL18misQw9KdwqGaw3zHkitj8vG6QF2Y&token=45308 → 200 (?ms, -1026B)
[2026-07-07T08:40:34.540Z] GET https://www.google.com/maps/vt?pb=!1m5!1m4!1i16!2i46042!3i28932!4i256!2m3!1e0!2sm!3i785550928!2m3!1e2!2sspotlit!5i1!3m13!2sen-US!3sUS!5e289!12m5!1e68!2m2!1sset!2sRoadmap!4e2!12m3!1e37!2m1!1ssmartmaps!4e0!5m1!1e3!23i47083502!27m14!299174093m13!14m12!1m8!1m2!1y4314663454624747393!2y9033396605571213877!2s%2Fg%2F11z0j9gl6h!4m2!1x206050006!2x729251748!15sgcid%3Ahospital!2b0!6b0!8b0&key=AIzaSyCmL18misQw9KdwqGaw3zHkitj8vG6QF2Y&token=105193 → 200 (?ms, -1026B)
[2026-07-07T08:40:34.544Z] GET https://www.google.com/maps/vt?pb=!1m5!1m4!1i16!2i46043!3i28932!4i256!2m3!1e0!2sm!3i785550928!2m3!1e2!2sspotlit!5i1!3m13!2sen-US!3sUS!5e289!12m5!1e68!2m2!1sset!2sRoadmap!4e2!12m3!1e37!2m1!1ssmartmaps!4e0!5m1!1e3!23i47083502!27m14!299174093m13!14m12!1m8!1m2!1y4314663454624747393!2y9033396605571213877!2s%2Fg%2F11z0j9gl6h!4m2!1x206050006!2x729251748!15sgcid%3Ahospital!2b0!6b0!8b0&key=AIzaSyCmL18misQw9KdwqGaw3zHkitj8vG6QF2Y&token=42273 → 200 (1ms, -1026B)
[2026-07-07T08:40:34.545Z] GET https://www.google.com/maps/vt?pb=!1m5!1m4!1i16!2i46044!3i28932!4i256!2m3!1e0!2sm!3i785551000!2m3!1e2!2sspotlit!5i1!3m13!2sen-US!3sUS!5e289!12m5!1e68!2m2!1sset!2sRoadmap!4e2!12m3!1e37!2m1!1ssmartmaps!4e0!5m1!1e3!23i47083502!27m14!299174093m13!14m12!1m8!1m2!1y4314663454624747393!2y9033396605571213877!2s%2Fg%2F11z0j9gl6h!4m2!1x206050006!2x729251748!15sgcid%3Ahospital!2b0!6b0!8b0&key=AIzaSyCmL18misQw9KdwqGaw3zHkitj8vG6QF2Y&token=13903 → 200 (?ms, -1027B)
[2026-07-07T08:40:34.545Z] GET https://www.google.com/maps/vt?pb=!1m5!1m4!1i16!2i46044!3i28933!4i256!2m3!1e0!2sm!3i785550856!2m3!1e2!2sspotlit!5i1!3m13!2sen-US!3sUS!5e289!12m5!1e68!2m2!1sset!2sRoadmap!4e2!12m3!1e37!2m1!1ssmartmaps!4e0!5m1!1e3!23i47083502!27m14!299174093m13!14m12!1m8!1m2!1y4314663454624747393!2y9033396605571213877!2s%2Fg%2F11z0j9gl6h!4m2!1x206050006!2x729251748!15sgcid%3Ahospital!2b0!6b0!8b0&key=AIzaSyCmL18misQw9KdwqGaw3zHkitj8vG6QF2Y&token=50539 → 200 (?ms, -1026B)
[2026-07-07T08:40:34.545Z] GET https://www.google.com/maps/vt?pb=!1m5!1m4!1i16!2i46044!3i28934!4i256!2m3!1e0!2sm!3i785550928!2m3!1e2!2sspotlit!5i1!3m13!2sen-US!3sUS!5e289!12m5!1e68!2m2!1sset!2sRoadmap!4e2!12m3!1e37!2m1!1ssmartmaps!4e0!5m1!1e3!23i47083502!27m14!299174093m13!14m12!1m8!1m2!1y4314663454624747393!2y9033396605571213877!2s%2Fg%2F11z0j9gl6h!4m2!1x206050006!2x729251748!15sgcid%3Ahospital!2b0!6b0!8b0&key=AIzaSyCmL18misQw9KdwqGaw3zHkitj8vG6QF2Y&token=65667 → 200 (?ms, -1026B)
[2026-07-07T08:40:34.546Z] GET https://www.google.com/maps/vt?pb=!1m5!1m4!1i16!2i46043!3i28934!4i256!2m3!1e0!2sm!3i785550928!2m3!1e2!2sspotlit!5i1!3m13!2sen-US!3sUS!5e289!12m5!1e68!2m2!1sset!2sRoadmap!4e2!12m3!1e37!2m1!1ssmartmaps!4e0!5m1!1e3!23i47083502!27m14!299174093m13!14m12!1m8!1m2!1y4314663454624747393!2y9033396605571213877!2s%2Fg%2F11z0j9gl6h!4m2!1x206050006!2x729251748!15sgcid%3Ahospital!2b0!6b0!8b0&key=AIzaSyCmL18misQw9KdwqGaw3zHkitj8vG6QF2Y&token=128587 → 200 (?ms, -1027B)
[2026-07-07T08:40:34.546Z] GET https://www.google.com/maps/vt?pb=!1m5!1m4!1i16!2i46042!3i28934!4i256!2m3!1e0!2sm!3i785550928!2m3!1e2!2sspotlit!5i1!3m13!2sen-US!3sUS!5e289!12m5!1e68!2m2!1sset!2sRoadmap!4e2!12m3!1e37!2m1!1ssmartmaps!4e0!5m1!1e3!23i47083502!27m14!299174093m13!14m12!1m8!1m2!1y4314663454624747393!2y9033396605571213877!2s%2Fg%2F11z0j9gl6h!4m2!1x206050006!2x729251748!15sgcid%3Ahospital!2b0!6b0!8b0&key=AIzaSyCmL18misQw9KdwqGaw3zHkitj8vG6QF2Y&token=60436 → 200 (?ms, -1026B)
[2026-07-07T08:40:34.546Z] GET https://www.google.com/maps/vt?pb=!1m4!1m3!1i16!2i46042!3i28932!1m4!1m3!1i16!2i46042!3i28933!1m4!1m3!1i16!2i46043!3i28932!1m4!1m3!1i16!2i46043!3i28933!1m4!1m3!1i16!2i46042!3i28934!1m4!1m3!1i16!2i46043!3i28934!1m4!1m3!1i16!2i46044!3i28932!1m4!1m3!1i16!2i46044!3i28933!1m4!1m3!1i16!2i46044!3i28934!2m3!1e0!2sm!3i785551000!2m3!1e2!2sspotlit!5i1!3m13!2sen-US!3sUS!5e289!12m5!1e68!2m2!1sset!2sRoadmap!4e2!12m3!1e37!2m1!1ssmartmaps!4e3!12m2!5b1!6b1!27m14!299174093m13!14m12!1m8!1m2!1y4314663454624747393!2y9033396605571213877!2s%2Fg%2F11z0j9gl6h!4m2!1x206050006!2x729251748!15sgcid%3Ahospital!2b0!6b0!8b0&key=AIzaSyCmL18misQw9KdwqGaw3zHkitj8vG6QF2Y&token=19690 → pending (?ms, ?B)
[2026-07-07T08:40:34.735Z] POST https://places.googleapis.com/$rpc/google.maps.places.v1.Places/GetPlace → pending (?ms, ?B)
[2026-07-07T08:40:34.802Z] POST https://maps.googleapis.com/$rpc/google.internal.maps.mapsjs.v1.MapsJsInternalService/GetViewportInfo → pending (?ms, ?B)
[2026-07-07T08:40:34.809Z] GET https://www.google.com/maps/vt?pb=!1m5!1m4!1i12!2i2877!3i1808!4i256!2m1!1e1!3m12!2sen-US!3sUS!5e289!12m3!1e37!2m1!1ssmartmaps!12m4!1e26!2m2!1sstyles!2zcy5lOmx8cC52Om9mZg!4e0!5m1!1e3!23i47083502&key=AIzaSyCmL18misQw9KdwqGaw3zHkitj8vG6QF2Y&token=89941 → 200 (1ms, -1007B)
